/home/mona/drone_mapping_ws/install/drone_mapping/lib/python3.10/site-packages/drone_mapping/safety_node.py
/home/mona/drone_mapping_ws/install/drone_mapping/lib/python3.10/site-packages/drone_mapping/waypoint_navigator.py
/home/mona/drone_mapping_ws/install/drone_mapping/lib/python3.10/site-packages/drone_mapping/__init__.py
/home/mona/drone_mapping_ws/install/drone_mapping/lib/python3.10/site-packages/drone_mapping/drone_mapping_node.py
/home/mona/drone_mapping_ws/install/drone_mapping/lib/python3.10/site-packages/drone_mapping/teleop_keyboard.py
/home/mona/drone_mapping_ws/install/drone_mapping/lib/python3.10/site-packages/drone_mapping/drone_controller.py
/home/mona/drone_mapping_ws/install/drone_mapping/lib/python3.10/site-packages/drone_mapping/__pycache__/safety_node.cpython-310.pyc
/home/mona/drone_mapping_ws/install/drone_mapping/lib/python3.10/site-packages/drone_mapping/__pycache__/waypoint_navigator.cpython-310.pyc
/home/mona/drone_mapping_ws/install/drone_mapping/lib/python3.10/site-packages/drone_mapping/__pycache__/__init__.cpython-310.pyc
/home/mona/drone_mapping_ws/install/drone_mapping/lib/python3.10/site-packages/drone_mapping/__pycache__/drone_mapping_node.cpython-310.pyc
/home/mona/drone_mapping_ws/install/drone_mapping/lib/python3.10/site-packages/drone_mapping/__pycache__/teleop_keyboard.cpython-310.pyc
/home/mona/drone_mapping_ws/install/drone_mapping/lib/python3.10/site-packages/drone_mapping/__pycache__/drone_controller.cpython-310.pyc
/home/mona/drone_mapping_ws/install/drone_mapping/share/ament_index/resource_index/packages/drone_mapping
/home/mona/drone_mapping_ws/install/drone_mapping/share/drone_mapping/package.xml
/home/mona/drone_mapping_ws/install/drone_mapping/share/drone_mapping/launch/bringup.launch.py
/home/mona/drone_mapping_ws/install/drone_mapping/share/drone_mapping/launch/full_demo.launch.py
/home/mona/drone_mapping_ws/install/drone_mapping/share/drone_mapping/launch/slam.launch.py
/home/mona/drone_mapping_ws/install/drone_mapping/share/drone_mapping/worlds/map_world.wbt
/home/mona/drone_mapping_ws/install/drone_mapping/share/drone_mapping/worlds/drone_mapping_world.sdf
/home/mona/drone_mapping_ws/install/drone_mapping/share/drone_mapping/rviz/mapping.rviz
/home/mona/drone_mapping_ws/install/drone_mapping/share/drone_mapping/rviz/drone_mapping.rviz
/home/mona/drone_mapping_ws/install/drone_mapping/lib/python3.10/site-packages/drone_mapping-0.0.0-py3.10.egg-info/top_level.txt
/home/mona/drone_mapping_ws/install/drone_mapping/lib/python3.10/site-packages/drone_mapping-0.0.0-py3.10.egg-info/zip-safe
/home/mona/drone_mapping_ws/install/drone_mapping/lib/python3.10/site-packages/drone_mapping-0.0.0-py3.10.egg-info/dependency_links.txt
/home/mona/drone_mapping_ws/install/drone_mapping/lib/python3.10/site-packages/drone_mapping-0.0.0-py3.10.egg-info/PKG-INFO
/home/mona/drone_mapping_ws/install/drone_mapping/lib/python3.10/site-packages/drone_mapping-0.0.0-py3.10.egg-info/entry_points.txt
/home/mona/drone_mapping_ws/install/drone_mapping/lib/python3.10/site-packages/drone_mapping-0.0.0-py3.10.egg-info/SOURCES.txt
/home/mona/drone_mapping_ws/install/drone_mapping/lib/python3.10/site-packages/drone_mapping-0.0.0-py3.10.egg-info/requires.txt
/home/mona/drone_mapping_ws/install/drone_mapping/lib/drone_mapping/drone_controller
/home/mona/drone_mapping_ws/install/drone_mapping/lib/drone_mapping/drone_mapping_node
/home/mona/drone_mapping_ws/install/drone_mapping/lib/drone_mapping/safety_node
/home/mona/drone_mapping_ws/install/drone_mapping/lib/drone_mapping/teleop_keyboard
/home/mona/drone_mapping_ws/install/drone_mapping/lib/drone_mapping/waypoint_navigator
