[2.358s] Invoking command in '/home/mona/drone_mapping_ws/src/drone_mapping': PYTHONPATH=/home/mona/drone_mapping_ws/build/drone_mapping/prefix_override:/usr/lib/python3/dist-packages/colcon_core/task/python/colcon_distutils_commands:/home/mona/drone_mapping_ws/install/drone_mapping/lib/python3.10/site-packages:${PYTHONPATH} /usr/bin/python3 -W ignore:setup.py install is deprecated -W ignore:easy_install command is deprecated setup.py egg_info --egg-base ../../build/drone_mapping build --build-base /home/mona/drone_mapping_ws/build/drone_mapping/build install --record /home/mona/drone_mapping_ws/build/drone_mapping/install.log --single-version-externally-managed install_data
[3.040s] running egg_info
[3.098s] writing ../../build/drone_mapping/drone_mapping.egg-info/PKG-INFO
[3.099s] writing dependency_links to ../../build/drone_mapping/drone_mapping.egg-info/dependency_links.txt
[3.101s] writing entry points to ../../build/drone_mapping/drone_mapping.egg-info/entry_points.txt
[3.102s] writing requirements to ../../build/drone_mapping/drone_mapping.egg-info/requires.txt
[3.102s] writing top-level names to ../../build/drone_mapping/drone_mapping.egg-info/top_level.txt
[3.198s] reading manifest file '../../build/drone_mapping/drone_mapping.egg-info/SOURCES.txt'
[3.200s] writing manifest file '../../build/drone_mapping/drone_mapping.egg-info/SOURCES.txt'
[3.200s] running build
[3.201s] running build_py
[3.201s] copying drone_mapping/__init__.py -> /home/mona/drone_mapping_ws/build/drone_mapping/build/lib/drone_mapping
[3.201s] copying drone_mapping/drone_mapping_node.py -> /home/mona/drone_mapping_ws/build/drone_mapping/build/lib/drone_mapping
[3.203s] running install
[3.213s] running install_lib
[3.271s] running install_data
[3.272s] copying resource/drone_mapping -> /home/mona/drone_mapping_ws/install/drone_mapping/share/ament_index/resource_index/packages
[3.273s] copying package.xml -> /home/mona/drone_mapping_ws/install/drone_mapping/share/drone_mapping
[3.274s] copying launch/drone_mapping_launch.py -> /home/mona/drone_mapping_ws/install/drone_mapping/share/drone_mapping/launch
[3.274s] copying worlds/drone_mapping_world.sdf -> /home/mona/drone_mapping_ws/install/drone_mapping/share/drone_mapping/worlds
[3.275s] copying rviz/drone_mapping.rviz -> /home/mona/drone_mapping_ws/install/drone_mapping/share/drone_mapping/rviz
[3.275s] running install_egg_info
[3.337s] removing '/home/mona/drone_mapping_ws/install/drone_mapping/lib/python3.10/site-packages/drone_mapping-0.0.0-py3.10.egg-info' (and everything under it)
[3.338s] Copying ../../build/drone_mapping/drone_mapping.egg-info to /home/mona/drone_mapping_ws/install/drone_mapping/lib/python3.10/site-packages/drone_mapping-0.0.0-py3.10.egg-info
[3.343s] running install_scripts
[3.791s] Installing drone_mapping_node script to /home/mona/drone_mapping_ws/install/drone_mapping/lib/drone_mapping
[3.792s] writing list of installed files to '/home/mona/drone_mapping_ws/build/drone_mapping/install.log'
[3.857s] Invoked command in '/home/mona/drone_mapping_ws/src/drone_mapping' returned '0': PYTHONPATH=/home/mona/drone_mapping_ws/build/drone_mapping/prefix_override:/usr/lib/python3/dist-packages/colcon_core/task/python/colcon_distutils_commands:/home/mona/drone_mapping_ws/install/drone_mapping/lib/python3.10/site-packages:${PYTHONPATH} /usr/bin/python3 -W ignore:setup.py install is deprecated -W ignore:easy_install command is deprecated setup.py egg_info --egg-base ../../build/drone_mapping build --build-base /home/mona/drone_mapping_ws/build/drone_mapping/build install --record /home/mona/drone_mapping_ws/build/drone_mapping/install.log --single-version-externally-managed install_data
